This is pdfeTeXk, Version 3.141592-1.21a-2.2 (Web2C 7.5.4) (format=pdflatex 2010.3.8)  9 MAR 2010 16:35
entering extended mode
 file:line:error style messages enabled.
**./bakk.tex
(./bakk.tex
LaTeX2e <2003/12/01>
Babel <v3.8d> and hyphenation patterns for american, french, german, ngerman, b
ahasa, basque, bulgarian, catalan, croatian, czech, danish, dutch, esperanto, e
stonian, finnish, greek, icelandic, irish, italian, latin, magyar, norsk, polis
h, portuges, romanian, russian, serbian, slovak, slovene, spanish, swedish, tur
kish, ukrainian, nohyphenation, loaded.
(/opt/local/share/texmf-dist/tex/latex/koma-script/scrbook.cls
Document Class: scrbook 2004/09/16 v2.9t LaTeX2e KOMA document class
(/opt/local/share/texmf-dist/tex/latex/koma-script/scrlfile.sty
Package: scrlfile 2004/09/16 v2.9t LaTeX2e KOMA package

Package scrlfile, 2004/09/16 v2.9t LaTeX2e KOMA package
                  Copyright (C) Markus Kohm

) (/opt/local/share/texmf-dist/tex/latex/base/bk12.clo
File: bk12.clo 2004/02/16 v1.4f Standard LaTeX file (size option)
)
(/opt/local/share/texmf-dist/tex/latex/koma-script/typearea.sty
Package: typearea 2004/09/16 v2.9t LaTeX2e KOMA package

Package typearea, 2004/09/16 v2.9t LaTeX2e KOMA package
                  Copyright (C) Frank Neukam, 1992-1994
                  Copyright (C) Markus Kohm, 1994-2002

\ta@bcor=\skip41
\ta@div=\count79
\ta@hblk=\skip42
\ta@vblk=\skip43
\ta@temp=\skip44
Package typearea Info: These are the values describing the layout:
(typearea)             DIV  = 12
(typearea)             BCOR = 0.0pt
(typearea)             \paperwidth      = 597.50793pt
(typearea)              \textwidth      = 448.13095pt
(typearea)              \columnwidth    = 0.0pt
(typearea)              \columnsep      = 0.0pt
(typearea)              DIV-departure   = -6/100
(typearea)              \evensidemargin = 2.4185pt
(typearea)              \oddsidemargin  = 2.4185pt
(typearea)             \paperheight     = 845.04694pt
(typearea)              \textheight     = 635.5pt
(typearea)              \topmargin      = -41.72441pt
(typearea)              \headheight     = 18.125pt
(typearea)              \headsep        = 21.75pt
(typearea)              \topskip        = 12.0pt
(typearea)              \footskip       = 50.75pt
(typearea)              \baselineskip   = 14.5pt
(typearea)              on input line 633.
)
\c@part=\count80
\c@chapter=\count81
\c@section=\count82
\c@subsection=\count83
\c@subsubsection=\count84
\c@paragraph=\count85
\c@subparagraph=\count86
\c@figure=\count87
\c@table=\count88
\abovecaptionskip=\skip45
\belowcaptionskip=\skip46
\c@pti@nb@sid@b@x=\box26
\bibindent=\dimen102
) (/opt/local/share/texmf-dist/tex/latex/base/inputenc.sty
Package: inputenc 2004/02/05 v1.0d Input encoding file

(/opt/local/share/texmf-dist/tex/latex/base/latin1.def
File: latin1.def 2004/02/05 v1.0d Input encoding file
))
(/opt/local/share/texmf-dist/tex/generic/german/ngerman.sty v2.5e 1998-07-08
Package: ngerman 1998/07/08 v2.5e Support for writing german texts (br)
\grmnU@D=\dimen103
)
(/opt/local/share/texmf-dist/tex/latex/koma-script/scrpage2.sty
Package: scrpage2 2004/09/05 v2.2a LaTeX2e KOMA package
)
(/opt/local/share/texmf-dist/tex/latex/pdfpages/pdfpages.sty
Package: pdfpages 2004/01/31 v0.3e Insert pages of external PDF documents (AM)

(/opt/local/share/texmf-dist/tex/latex/base/ifthen.sty
Package: ifthen 2001/05/26 v1.1c Standard LaTeX ifthen package (DPC)
)
(/opt/local/share/texmf-dist/tex/latex/graphics/graphicx.sty
Package: graphicx 1999/02/16 v1.0f Enhanced LaTeX Graphics (DPC,SPQR)

(/opt/local/share/texmf-dist/tex/latex/graphics/keyval.sty
Package: keyval 1999/03/16 v1.13 key=value parser (DPC)
\KV@toks@=\toks14
)
(/opt/local/share/texmf-dist/tex/latex/graphics/graphics.sty
Package: graphics 2001/07/07 v1.0n Standard LaTeX Graphics (DPC,SPQR)

(/opt/local/share/texmf-dist/tex/latex/graphics/trig.sty
Package: trig 1999/03/16 v1.09 sin cos tan (DPC)
)
(/opt/local/share/texmf-dist/tex/latex/graphics/graphics.cfg
File: graphics.cfg 2005/02/03 v1.3 graphics configuration of teTeX/TeXLive
)
Package graphics Info: Driver file: pdftex.def on input line 80.

(/opt/local/share/texmf-dist/tex/latex/graphics/pdftex.def
File: pdftex.def 2002/06/19 v0.03k graphics/color for pdftex
\Gread@gobject=\count89
))
\Gin@req@height=\dimen104
\Gin@req@width=\dimen105
)
(/opt/local/share/texmf-dist/tex/latex/tools/calc.sty
Package: calc 1998/07/07 v4.1b Infix arithmetic (KKT,FJ)
\calc@Acount=\count90
\calc@Bcount=\count91
\calc@Adimen=\dimen106
\calc@Bdimen=\dimen107
\calc@Askip=\skip47
\calc@Bskip=\skip48
LaTeX Info: Redefining \setlength on input line 59.
LaTeX Info: Redefining \addtolength on input line 60.
\calc@denominator=\count92
)
(/opt/local/share/texmf-dist/tex/latex/eso-pic/eso-pic.sty
Package: eso-pic 2002/11/16 v1.1b eso-pic (RN)

(/opt/local/share/texmf-dist/tex/latex/ms/everyshi.sty
Package: everyshi 2001/05/15 v3.00 EveryShipout Package (MS)
))
(/opt/local/share/texmf-dist/tex/latex/pdfpages/pppdftex.def
File: pppdftex.def 2004/01/31 v0.3e Pdfpages driver for pdfTeX (AM)
)
\AM@pagebox=\box27
\AM@toc@title=\toks15
\c@AM@survey=\count93
) (./bakk.sty
(/opt/local/share/texmf-dist/tex/latex/picins/picins.sty
Option `picins' Version 3.0 Sep. 1992, TH Darmstadt/HRZ
\@BILD=\box28
\@TEXT=\box29
\d@breite=\dimen108
\d@hoehe=\dimen109
\d@xoff=\dimen110
\d@yoff=\dimen111
\d@shad=\dimen112
\d@dash=\dimen113
\d@boxl=\dimen114
\d@pichskip=\dimen115
\d@tmp=\dimen116
\d@tmpa=\dimen117
\d@bskip=\dimen118
\hsiz@=\dimen119
\p@getot@l=\dimen120
\c@breite=\count94
\c@hoehe=\count95
\c@xoff=\count96
\c@yoff=\count97
\c@pos=\count98
\c@shad=\count99
\c@dash=\count100
\c@boxl=\count101
\c@zeilen=\count102
\@changemode=\count103
\c@piccaption=\count104
\c@piccaptionpos=\count105
\c@picpos=\count106
\c@whole=\count107
\c@half=\count108
\c@tmp=\count109
\c@tmpa=\count110
\c@tmpb=\count111
\c@tmpc=\count112
\c@tmpd=\count113
\d@leftskip=\skip49
\ptoti=\dimen121
\ptotii=\dimen122
\env@box=\box30
\d@envdp=\dimen123
\c@hsize=\count114
\c@envdp=\count115
\d@envb=\dimen124
))
(/opt/local/share/texmf-dist/tex/latex/graphics/color.sty
Package: color 1999/02/16 v1.0i Standard LaTeX Color (DPC)

(/opt/local/share/texmf-dist/tex/latex/graphics/color.cfg
File: color.cfg 2005/02/03 v1.3 color configuration of teTeX/TeXLive
)
Package color Info: Driver file: pdftex.def on input line 125.
)
(/opt/local/share/texmf-dist/tex/latex/psnfss/courier.sty
Package: courier 2004/09/15 PSNFSS-v9.2 (WaS) 
)
(/opt/local/share/texmf-dist/tex/latex/listings/listings.sty
\lst@mode=\count116
\lst@gtempboxa=\box31
\lst@token=\toks16
\lst@length=\count117
\lst@currlwidth=\dimen125
\lst@column=\count118
\lst@pos=\count119
\lst@lostspace=\dimen126
\lst@width=\dimen127
\lst@newlines=\count120
\lst@lineno=\count121
\c@lstlisting=\count122
\lst@maxwidth=\dimen128

(/opt/local/share/texmf-dist/tex/latex/listings/lstpatch.sty
File: lstpatch.sty 2004/10/17 1.3b (Carsten Heinz)
)
(/opt/local/share/texmf-dist/tex/latex/listings/lstmisc.sty
File: lstmisc.sty 2004/09/07 1.3 (Carsten Heinz)
\c@lstnumber=\count123
\lst@skipnumbers=\count124
\lst@framebox=\box32
)
(/opt/local/share/texmf-dist/tex/latex/listings/listings.cfg
File: listings.cfg 2004/09/05 1.3 listings configuration
))
Package: listings 2004/10/17 1.3b (Carsten Heinz)

(/opt/local/share/texmf-dist/tex/latex/germbib/bibgerm.sty
Package: bibgerm 2000/08/18 v0.1 Support for mixed language bibliographies

** Macros for german `BibTeX'ing added to Style Option `german' 20 Apr 1993 **
** idea and languages `german' and `USenglish' implemented by M. Wallmeier **
** Modified for LaTeX 2e and german.sty 2.5b by A. Scherer 1 Nov 1995 **
** Modified for ngerman.sty and babel.sty by H. Harders 21 August 2000 **)
(/opt/local/share/texmf-dist/tex/latex/cite/cite.sty
LaTeX Info: Redefining \cite on input line 149.
LaTeX Info: Redefining \nocite on input line 214.
Package: cite 2003/11/04  v 4.01
)
(/opt/local/share/texmf-dist/tex/latex/tools/varioref.sty
Package: varioref 2004/02/27 v1.4i package for extended references (FMi)
\c@vrcnt=\count125
)
(/opt/local/share/texmf-dist/tex/latex/tools/verbatim.sty
Package: verbatim 2003/08/22 v1.5q LaTeX2e package for verbatim enhancements
\every@verbatim=\toks17
\verbatim@line=\toks18
\verbatim@in@stream=\read1
)
(/opt/local/share/texmf-dist/tex/latex/tools/xspace.sty
Package: xspace 1997/10/13 v1.06 Space after command names (DPC)
)
(/opt/local/share/texmf-dist/tex/latex/appendix/appendix.sty
Package: appendix 2002/08/06 v1.2 extra appendix facilities
\c@@pps=\count126
\c@@ppsavesec=\count127
\c@@ppsaveapp=\count128
) (./bakk.aux)
\openout1 = `bakk.aux'.

LaTeX Font Info:    Checking defaults for OML/cmm/m/it on input line 34.
LaTeX Font Info:    ... okay on input line 34.
LaTeX Font Info:    Checking defaults for T1/cmr/m/n on input line 34.
LaTeX Font Info:    ... okay on input line 34.
LaTeX Font Info:    Checking defaults for OT1/cmr/m/n on input line 34.
LaTeX Font Info:    ... okay on input line 34.
LaTeX Font Info:    Checking defaults for OMS/cmsy/m/n on input line 34.
LaTeX Font Info:    ... okay on input line 34.
LaTeX Font Info:    Checking defaults for OMX/cmex/m/n on input line 34.
LaTeX Font Info:    ... okay on input line 34.
LaTeX Font Info:    Checking defaults for U/cmr/m/n on input line 34.
LaTeX Font Info:    ... okay on input line 34.

(/opt/local/share/texmf-dist/tex/context/base/supp-pdf.tex
(/opt/local/share/texmf-dist/tex/context/base/supp-mis.tex
loading : Context Support Macros / Miscellaneous (2004.10.26)
\protectiondepth=\count129
\scratchcounter=\count130
\scratchtoks=\toks19
\scratchdimen=\dimen129
\scratchskip=\skip50
\scratchmuskip=\muskip10
\scratchbox=\box33
\scratchread=\read2
\scratchwrite=\write3
\zeropoint=\dimen130
\onepoint=\dimen131
\onebasepoint=\dimen132
\minusone=\count131
\thousandpoint=\dimen133
\onerealpoint=\dimen134
\emptytoks=\toks20
\nextbox=\box34
\nextdepth=\dimen135
\everyline=\toks21
\!!counta=\count132
\!!countb=\count133
\recursecounter=\count134
)
loading : Context Support Macros / PDF (2004.03.26)
\nofMPsegments=\count135
\nofMParguments=\count136
\MPscratchCnt=\count137
\MPscratchDim=\dimen136
\MPnumerator=\count138
\everyMPtoPDFconversion=\toks22
) ABD: EveryShipout initializing macros

bibgerm.sty: (n)german.sty 2.5b detected

<images/tu-dt-voll-blau-pos.png, id=1, 601.24625pt x 301.125pt>
File: images/tu-dt-voll-blau-pos.png Graphic file (type png)

<use images/tu-dt-voll-blau-pos.png> [1

{/opt/local/share/texmf-var/fonts/map/pdftex/updmap/pdftex.map} <./images/tu-dt
-voll-blau-pos.png>]
<parallelagenten.pdf, id=16, page=1, 597.23125pt x 845.1575pt>
File: parallelagenten.pdf Graphic file (type pdf)

<use parallelagenten.pdf, page 1>
File: parallelagenten.pdf Graphic file (type pdf)
 <use parallelagenten.pdf, page 1>
File: parallelagenten.pdf Graphic file (type pdf)

<use parallelagenten.pdf, page 1>
File: parallelagenten.pdf Graphic file (type pdf)
 <use parallelagenten.pdf, page 1> [1 <./parallelagenten.pdf
Warning: pdflatex (file ./parallelagenten.pdf): pdf inclusion: Page Group detec
ted which pdfTeX can't handle. Ignoring it.
>] (./bakk.toc
LaTeX Font Info:    External font `cmex10' loaded for size
(Font)              <12> on input line 2.
LaTeX Font Info:    External font `cmex10' loaded for size
(Font)              <8> on input line 2.
LaTeX Font Info:    External font `cmex10' loaded for size
(Font)              <6> on input line 2.
)
\tf@toc=\write4
\openout4 = `bakk.toc'.

 (./chapter1/chapter1.tex [2

]
Kapitel 1.

Underfull \hbox (badness 10000) in paragraph at lines 5--12

 []


Underfull \hbox (badness 10000) in paragraph at lines 5--12

 []

LaTeX Font Info:    Try loading font information for OMS+cmr on input line 13.
(/opt/local/share/texmf-dist/tex/latex/base/omscmr.fd
File: omscmr.fd 1999/05/25 v2.5h Standard LaTeX font definitions
)
LaTeX Font Info:    Font shape `OMS/cmr/m/n' in size <12> not available
(Font)              Font shape `OMS/cmsy/m/n' tried instead on input line 13.
 [3

]
<chapter1/architecture.pdf, id=44, 692.5875pt x 723.70375pt>
File: chapter1/architecture.pdf Graphic file (type pdf)

<use chapter1/architecture.pdf>) (./chapter2/chapter2.tex [4] [5 <./chapter1/ar
chitecture.pdf>]
Kapitel 2.
<chapter2/plot1_1.png, id=153, 803.0pt x 803.0pt>
File: chapter2/plot1_1.png Graphic file (type png)
 <use chapter2/plot1_1.png>
<chapter2/plot1_25.png, id=154, 803.0pt x 803.0pt>
File: chapter2/plot1_25.png Graphic file (type png)
 <use chapter2/plot1_25.png>
<chapter2/plot1_200.png, id=155, 803.0pt x 803.0pt>
File: chapter2/plot1_200.png Graphic file (type png)

<use chapter2/plot1_200.png>
<chapter2/plot1_1000.png, id=156, 803.0pt x 803.0pt>
File: chapter2/plot1_1000.png Graphic file (type png)

<use chapter2/plot1_1000.png>
Underfull \hbox (badness 10000) in paragraph at lines 44--45

 []


Underfull \hbox (badness 10000) in paragraph at lines 48--49

 []

) (./chapter3/chapter3.tex [6

]
Underfull \vbox (badness 10000) has occurred while \output is active []

 [7 <./chapter2/plot1_1.png>] [8 <./chapter2/plot1_25.png>] [9 <./chapter2/plot
1_200.png>] [10 <./chapter2/plot1_1000.png>]
Kapitel 3.
(/opt/local/share/texmf-dist/tex/latex/listings/lstlang1.sty
File: lstlang1.sty 2004/09/05 1.3 listings language file
)
(/opt/local/share/texmf-dist/tex/latex/listings/lstlang1.sty
File: lstlang1.sty 2004/09/05 1.3 listings language file
)
LaTeX Font Info:    Try loading font information for OT1+pcr on input line 6.

(/opt/local/share/texmf-dist/tex/latex/psnfss/ot1pcr.fd
File: ot1pcr.fd 2001/06/04 font definitions for OT1/pcr.
) (../go.sh
LaTeX Font Info:    Font shape `OT1/pcr/m/it' in size <6> not available
(Font)              Font shape `OT1/pcr/m/sl' tried instead on input line 1.
LaTeX Font Info:    Font shape `OT1/pcr/bx/n' in size <6> not available
(Font)              Font shape `OT1/pcr/b/n' tried instead on input line 16.
)
(/opt/local/share/texmf-dist/tex/latex/listings/lstlang1.sty
File: lstlang1.sty 2004/09/05 1.3 listings language file
)
(/opt/local/share/texmf-dist/tex/latex/listings/lstmisc.sty
File: lstmisc.sty 2004/09/07 1.3 (Carsten Heinz)
)
(../src/oclAgents/oclAgents.cpp [11

]
Underfull \vbox (badness 10000) has occurred while \output is active []

 [12]
Underfull \vbox (badness 10000) has occurred while \output is active []

 [13]
Underfull \vbox (badness 10000) has occurred while \output is active []

 [14]
Underfull \vbox (badness 10000) has occurred while \output is active []

 [15]
Underfull \vbox (badness 10000) has occurred while \output is active []

 [16])
(../src/oclAgents/agents.cl [17]) (../src/oclAgents/agents.h [18])) [19]
(./bakk.aux) ) 
Here is how much of TeX's memory you used:
 5540 strings out of 94500
 75757 string characters out of 1174974
 365292 words of memory out of 1000000
 8599 multiletter control sequences out of 10000+50000
 10390 words of font info for 37 fonts, out of 500000 for 2000
 580 hyphenation exceptions out of 1000
 36i,16n,59p,1494b,1785s stack positions out of 1500i,500n,5000p,200000b,5000s
PDF statistics:
 213 PDF objects out of 300000
 0 named destinations out of 131072
 51 words of extra memory for PDF output out of 65536
{/opt/local/share/texmf-dist/fonts/enc/dvips/psnfss/8r.enc}</opt/
local/share/texmf-dist/fonts/type1/urw/courier/ucrb8a.pfb></opt/local/share/tex
mf-dist/fonts/type1/urw/courier/ucrr8a.pfb></opt/local/share/texmf-dist/fonts/t
ype1/urw/courier/ucrro8a.pfb></opt/local/share/texmf-dist/fonts/type1/bluesky/c
m/cmr6.pfb></opt/local/share/texmf-dist/fonts/type1/bluesky/cm/cmsl12.pfb></opt
/local/share/texmf-dist/fonts/type1/bluesky/cm/cmsy10.pfb></opt/local/share/tex
mf-dist/fonts/type1/bluesky/cm/cmr12.pfb></opt/local/share/texmf-dist/fonts/typ
e1/urw/courier/ucrr8a.pfb></opt/local/share/texmf-dist/fonts/type1/bluesky/cm/c
mss12.pfb></opt/local/share/texmf-dist/fonts/type1/bluesky/cm/cmssbx10.pfb>
Output written on bakk.pdf (20 pages, 585345 bytes).
