\BOOKMARK [0][-]{chapter*.1}{Einf\374hrung in TinyOS}{}
\BOOKMARK [1][-]{section*.2}{Vorwort}{chapter*.1}
\BOOKMARK [1][-]{section*.2}{Einleitung}{chapter*.1}
\BOOKMARK [1][-]{section*.2}{Network Embedded Systems C - NesC}{chapter*.1}
\BOOKMARK [2][-]{section*.3}{Linking / Namespaces}{section*.2}
\BOOKMARK [2][-]{section*.3}{Interfaces / Module}{section*.2}
\BOOKMARK [3][-]{section*.4}{Split Phase}{section*.3}
\BOOKMARK [3][-]{section*.4}{Modulimplementierung}{section*.3}
\BOOKMARK [1][-]{section*.4}{Wiring}{chapter*.1}
\BOOKMARK [0][-]{section*.4}{Aufbau / Hardware Abstraktion}{}
\BOOKMARK [1][-]{section*.5}{Ordnerstruktur}{section*.4}
\BOOKMARK [1][-]{section*.5}{Hardware Abstraktion}{section*.4}
\BOOKMARK [2][-]{section*.6}{Chips und Plattformen}{section*.5}
\BOOKMARK [2][-]{figure.2.1}{Die .platform Datei}{section*.5}
\BOOKMARK [0][-]{figure.2.1}{Tasks und Scheduling}{}
\BOOKMARK [1][-]{section*.7}{Aufbau / Funktionsweise}{figure.2.1}
\BOOKMARK [2][-]{section*.7}{Tasks}{figure.2.1}
\BOOKMARK [2][-]{section*.7}{Scheduler}{figure.2.1}
\BOOKMARK [1][-]{section*.7}{Periodic Tasks}{figure.2.1}
\BOOKMARK [2][-]{section*.8}{Aufgabenstellung}{section*.7}
\BOOKMARK [2][-]{section*.8}{Ein Timer pro Task}{section*.7}
\BOOKMARK [2][-]{section*.8}{Ein Timer mit Subperiodcount}{section*.7}
\BOOKMARK [0][-]{section*.8}{Externe Interrupts}{}
\BOOKMARK [0][-]{section*.8}{Communication}{}
\BOOKMARK [1][-]{section*.9}{Wireless Communication}{section*.8}
\BOOKMARK [2][-]{section*.9}{Grundlegende Interfaces}{section*.8}
\BOOKMARK [2][-]{section*.9}{Active Message Interfaces}{section*.8}
\BOOKMARK [2][-]{section*.9}{Komponenten}{section*.8}
\BOOKMARK [2][-]{section*.9}{ActiveMessageC}{section*.8}
\BOOKMARK [1][-]{section*.9}{Serial Communication}{section*.8}
\BOOKMARK [0][-]{section*.9}{Threads \(TOSThreads Thread Library\)}{}
\BOOKMARK [1][-]{section*.10}{Einleitung}{section*.9}
\BOOKMARK [1][-]{section*.10}{Grundlegende Architektur}{section*.9}
\BOOKMARK [1][-]{section*.10}{Implementierung}{section*.9}
\BOOKMARK [2][-]{section*.11}{Thread Scheduler}{section*.10}
\BOOKMARK [1][-]{section*.11}{Threads}{section*.9}
\BOOKMARK [0][-]{section*.11}{Running Example}{}
\BOOKMARK [1][-]{section*.12}{Funktion}{section*.11}
\BOOKMARK [2][-]{section*.12}{Basestation}{section*.11}
\BOOKMARK [2][-]{section*.12}{Mote}{section*.11}
\BOOKMARK [1][-]{section*.12}{Installation}{section*.11}
\BOOKMARK [1][-]{section*.12}{BaseStation}{section*.11}
\BOOKMARK [1][-]{section*.12}{Mote}{section*.11}
\BOOKMARK [0][-]{section*.12}{Package Rebuild}{}
\BOOKMARK [1][-]{section*.13}{avr-binutils-tinyos}{section*.12}
\BOOKMARK [1][-]{lstlisting.A.-1}{avr-gcc-tinyos}{section*.12}
\BOOKMARK [1][-]{lstlisting.A.-2}{avr-libc-tinyos}{section*.12}
\BOOKMARK [1][-]{lstlisting.A.-2}{nesc}{section*.12}
\BOOKMARK [1][-]{lstlisting.A.-2}{tinyos-tools}{section*.12}
\BOOKMARK [1][-]{lstlisting.A.-5}{tinyos}{section*.12}
\BOOKMARK [1][-]{lstlisting.A.-7}{Resource}{section*.12}
\BOOKMARK [0][-]{appendix*.14}{Literaturverzeichnis}{}
